ERROR - 2021-11-19 16:43:05 --> Error connecting to the database: Access denied for user ''@'localhost' (using password: NO)
CRITICAL - 2021-11-19 16:43:05 --> Unable to connect to the database.
Main connection [MySQLi]: Access denied for user ''@'localhost' (using password: NO)
#0 /data/docker/codeigniter4/bonfire/vendor/codeigniter4/framework/system/Database/BaseConnection.php(577): CodeIgniter\Database\BaseConnection->initialize()
#1 /data/docker/codeigniter4/bonfire/vendor/codeigniter4/framework/system/Database/BaseBuilder.php(1443): CodeIgniter\Database\BaseConnection->query()
#2 /data/docker/codeigniter4/bonfire/vendor/codeigniter4/settings/src/Handlers/DatabaseHandler.php(150): CodeIgniter\Database\BaseBuilder->get()
#3 /data/docker/codeigniter4/bonfire/vendor/codeigniter4/settings/src/Handlers/DatabaseHandler.php(50): Sparks\Settings\Handlers\DatabaseHandler->hydrate()
#4 /data/docker/codeigniter4/bonfire/vendor/codeigniter4/settings/src/Settings.php(63): Sparks\Settings\Handlers\DatabaseHandler->get()
#5 /data/docker/codeigniter4/bonfire/vendor/codeigniter4/settings/src/Helpers/setting_helper.php(22): Sparks\Settings\Settings->get()
#6 /data/docker/codeigniter4/bonfire/bonfire/Filters/OnlineCheck.php(26): setting()
#7 /data/docker/codeigniter4/bonfire/vendor/codeigniter4/framework/system/Filters/Filters.php(173): Bonfire\Filters\OnlineCheck->before()
#8 /data/docker/codeigniter4/bonfire/vendor/codeigniter4/framework/system/CodeIgniter.php(384): CodeIgniter\Filters\Filters->run()
#9 /data/docker/codeigniter4/bonfire/vendor/codeigniter4/framework/system/CodeIgniter.php(318): CodeIgniter\CodeIgniter->handleRequest()
#10 /data/docker/codeigniter4/bonfire/public/index.php(37): CodeIgniter\CodeIgniter->run()
#11 /data/docker/codeigniter4/bonfire/vendor/codeigniter4/framework/system/Commands/Server/rewrite.php(43): require_once('/data/docker/co...')
#12 {main}
ERROR - 2021-11-19 16:45:09 --> Error connecting to the database: Access denied for user ''@'localhost' (using password: NO)
ERROR - 2021-11-19 16:46:23 --> Error connecting to the database: Unknown database 'bonfire'
ERROR - 2021-11-19 16:55:53 --> Error connecting to the database: Access denied for user ''@'localhost' (using password: NO)
ERROR - 2021-11-19 16:56:21 --> Error connecting to the database: Access denied for user ''@'localhost' (using password: NO)
CRITICAL - 2021-11-19 16:56:21 --> Unable to connect to the database.
Main connection [MySQLi]: Access denied for user ''@'localhost' (using password: NO)
#0 /data/docker/codeigniter4/bonfire/vendor/codeigniter4/framework/system/Database/BaseConnection.php(577): CodeIgniter\Database\BaseConnection->initialize()
#1 /data/docker/codeigniter4/bonfire/vendor/codeigniter4/framework/system/Database/BaseBuilder.php(1527): CodeIgniter\Database\BaseConnection->query()
#2 /data/docker/codeigniter4/bonfire/vendor/codeigniter4/framework/system/Model.php(509): CodeIgniter\Database\BaseBuilder->countAllResults()
#3 /data/docker/codeigniter4/bonfire/vendor/codeigniter4/framework/system/Model.php(592): CodeIgniter\Model->countAllResults()
#4 /data/docker/codeigniter4/bonfire/vendor/codeigniter4/framework/system/BaseModel.php(655): CodeIgniter\Model->shouldUpdate()
#5 /data/docker/codeigniter4/bonfire/bonfire/Commands/Install.php(149): CodeIgniter\BaseModel->save()
#6 /data/docker/codeigniter4/bonfire/bonfire/Commands/Install.php(67): Bonfire\Commands\Install->createUser()
#7 /data/docker/codeigniter4/bonfire/vendor/codeigniter4/framework/system/CLI/Commands.php(63): Bonfire\Commands\Install->run()
#8 /data/docker/codeigniter4/bonfire/vendor/codeigniter4/framework/system/CLI/CommandRunner.php(70): CodeIgniter\CLI\Commands->run()
#9 /data/docker/codeigniter4/bonfire/vendor/codeigniter4/framework/system/CLI/CommandRunner.php(56): CodeIgniter\CLI\CommandRunner->index()
#10 /data/docker/codeigniter4/bonfire/vendor/codeigniter4/framework/system/CodeIgniter.php(822): CodeIgniter\CLI\CommandRunner->_remap()
#11 /data/docker/codeigniter4/bonfire/vendor/codeigniter4/framework/system/CodeIgniter.php(410): CodeIgniter\CodeIgniter->runController()
#12 /data/docker/codeigniter4/bonfire/vendor/codeigniter4/framework/system/CodeIgniter.php(318): CodeIgniter\CodeIgniter->handleRequest()
#13 /data/docker/codeigniter4/bonfire/vendor/codeigniter4/framework/system/CLI/Console.php(48): CodeIgniter\CodeIgniter->run()
#14 /data/docker/codeigniter4/bonfire/spark(65): CodeIgniter\CLI\Console->run()
#15 {main}
